This file contains any messages produced by compilers while
running configure, to aid debugging if configure makes a mistake.

It was created by quake2world configure 0.1.0, which was
generated by GNU Autoconf 2.63.  Invocation command line was

  $ ./configure --without-client

## --------- ##
## Platform. ##
## --------- ##

hostname = action
uname -m = x86_64
uname -r = 2.6.32-220.el6.x86_64
uname -s = Linux
uname -v = #1 SMP Tue Dec 6 19:48:22 GMT 2011

/usr/bin/uname -p = unknown
/bin/uname -X     = unknown

/bin/arch              = x86_64
/usr/bin/arch -k       = unknown
/usr/convex/getsysinfo = unknown
/usr/bin/hostinfo      = unknown
/bin/machine           = unknown
/usr/bin/oslevel       = unknown
/bin/universe          = unknown

PATH: /usr/lib64/qt-3.3/bin
PATH: /usr/local/sbin
PATH: /usr/local/bin
PATH: /sbin
PATH: /bin
PATH: /usr/sbin
PATH: /usr/bin
PATH: /root/bin


## ----------- ##
## Core tests. ##
## ----------- ##

configure:2155: checking build system type
configure:2173: result: x86_64-unknown-linux-gnu
configure:2195: checking host system type
configure:2210: result: x86_64-unknown-linux-gnu
configure:2232: checking target system type
configure:2247: result: x86_64-unknown-linux-gnu
configure:2300: checking for a BSD-compatible install
configure:2368: result: /usr/bin/install -c
configure:2379: checking whether build environment is sane
configure:2439: result: yes
configure:2580: checking for a thread-safe mkdir -p
configure:2619: result: /bin/mkdir -p
configure:2632: checking for gawk
configure:2648: found /bin/gawk
configure:2659: result: gawk
configure:2670: checking whether make sets $(MAKE)
configure:2692: result: yes
configure:2788: checking whether to enable maintainer-specific portions of Makefiles
configure:2797: result: no
configure:2860: checking for gcc
configure:2876: found /usr/bin/gcc
configure:2887: result: gcc
configure:3119: checking for C compiler version
configure:3127: gcc --version >&5
gcc (GCC) 4.4.6 20110731 (Red Hat 4.4.6-3)
Copyright (C) 2010 Free Software Foundation, Inc.
This is free software; see the source for copying conditions.  There is NO
warranty; not even for MERCHANTABILITY or FITNESS FOR A PARTICULAR PURPOSE.

configure:3131: $? = 0
configure:3138: gcc -v >&5
Using built-in specs.
Target: x86_64-redhat-linux
Configured with: ../configure --prefix=/usr --mandir=/usr/share/man --infodir=/usr/share/info --with-bugurl=http://bugzilla.redhat.com/bugzilla --enable-bootstrap --enable-shared --enable-threads=posix --enable-checking=release --with-system-zlib --enable-__cxa_atexit --disable-libunwind-exceptions --enable-gnu-unique-object --enable-languages=c,c++,objc,obj-c++,java,fortran,ada --enable-java-awt=gtk --disable-dssi --with-java-home=/usr/lib/jvm/java-1.5.0-gcj-1.5.0.0/jre --enable-libgcj-multifile --enable-java-maintainer-mode --with-ecj-jar=/usr/share/java/eclipse-ecj.jar --disable-libjava-multilib --with-ppl --with-cloog --with-tune=generic --with-arch_32=i686 --build=x86_64-redhat-linux
Thread model: posix
gcc version 4.4.6 20110731 (Red Hat 4.4.6-3) (GCC) 
configure:3142: $? = 0
configure:3149: gcc -V >&5
gcc: '-V' option must have argument
configure:3153: $? = 1
configure:3176: checking for C compiler default output file name
configure:3198: gcc    conftest.c  >&5
configure:3202: $? = 0
configure:3240: result: a.out
configure:3259: checking whether the C compiler works
configure:3269: ./a.out
configure:3273: $? = 0
configure:3292: result: yes
configure:3299: checking whether we are cross compiling
configure:3301: result: no
configure:3304: checking for suffix of executables
configure:3311: gcc -o conftest    conftest.c  >&5
configure:3315: $? = 0
configure:3341: result: 
configure:3347: checking for suffix of object files
configure:3373: gcc -c   conftest.c >&5
configure:3377: $? = 0
configure:3402: result: o
configure:3406: checking whether we are using the GNU C compiler
configure:3435: gcc -c   conftest.c >&5
configure:3442: $? = 0
configure:3459: result: yes
configure:3468: checking whether gcc accepts -g
configure:3498: gcc -c -g  conftest.c >&5
configure:3505: $? = 0
configure:3606: result: yes
configure:3623: checking for gcc option to accept ISO C89
configure:3697: gcc  -c -g -O2  conftest.c >&5
configure:3704: $? = 0
configure:3727: result: none needed
configure:3756: checking for style of include used by make
configure:3784: result: GNU
configure:3809: checking dependency style of gcc
configure:3919: result: gcc3
configure:3959: checking for a sed that does not truncate output
configure:4025: result: /bin/sed
configure:4043: checking for grep that handles long lines and -e
configure:4103: result: /bin/grep
configure:4108: checking for egrep
configure:4172: result: /bin/grep -E
configure:4177: checking for fgrep
configure:4241: result: /bin/grep -F
configure:4276: checking for ld used by gcc
configure:4343: result: /usr/bin/ld
configure:4352: checking if the linker (/usr/bin/ld) is GNU ld
configure:4367: result: yes
configure:4379: checking for BSD- or MS-compatible name lister (nm)
configure:4428: result: /usr/bin/nm -B
configure:4546: checking the name lister (/usr/bin/nm -B) interface
configure:4553: gcc -c -g -O2  conftest.c >&5
configure:4556: /usr/bin/nm -B "conftest.o"
configure:4559: output
0000000000000000 B some_variable
configure:4566: result: BSD nm
configure:4569: checking whether ln -s works
configure:4573: result: yes
configure:4581: checking the maximum length of command line arguments
configure:4701: result: 1966080
configure:4718: checking whether the shell understands some XSI constructs
configure:4728: result: yes
configure:4732: checking whether the shell understands "+="
configure:4738: result: yes
configure:4773: checking for /usr/bin/ld option to reload object files
configure:4780: result: -r
configure:4849: checking for objdump
configure:4865: found /usr/bin/objdump
configure:4876: result: objdump
configure:4908: checking how to recognize dependent libraries
configure:5104: result: pass_all
configure:5164: checking for ar
configure:5180: found /usr/bin/ar
configure:5191: result: ar
configure:5269: checking for strip
configure:5285: found /usr/bin/strip
configure:5296: result: strip
configure:5368: checking for ranlib
configure:5384: found /usr/bin/ranlib
configure:5395: result: ranlib
configure:5485: checking command to parse /usr/bin/nm -B output from gcc object
configure:5603: gcc -c -g -O2  conftest.c >&5
configure:5606: $? = 0
configure:5610: /usr/bin/nm -B conftest.o \| sed -n -e 's/^.*[	 ]\([ABCDGIRSTW][ABCDGIRSTW]*\)[	 ][	 ]*\([_A-Za-z][_A-Za-z0-9]*\)$/\1 \2 \2/p' \> conftest.nm
configure:5613: $? = 0
configure:5667: gcc -o conftest -g -O2   conftest.c conftstm.o >&5
configure:5670: $? = 0
configure:5708: result: ok
configure:5804: gcc -c -g -O2  conftest.c >&5
configure:5807: $? = 0
configure:6575: checking how to run the C preprocessor
configure:6615: gcc -E  conftest.c
configure:6622: $? = 0
configure:6653: gcc -E  conftest.c
conftest.c:11:28: error: ac_nonexistent.h: No such file or directory
configure:6660: $? = 1
configure: failed program was:
| /* confdefs.h.  */
| #define PACKAGE_NAME "quake2world"
| #define PACKAGE_TARNAME "quake2world"
| #define PACKAGE_VERSION "0.1.0"
| #define PACKAGE_STRING "quake2world 0.1.0"
| #define PACKAGE_BUGREPORT "quake2@jdolan.dyndns.org"
| #define BUILD_HOST "x86_64-linux-gnu"
| #define PACKAGE "quake2world"
| #define VERSION "0.1.0"
| /* end confdefs.h.  */
| #include <ac_nonexistent.h>
configure:6693: result: gcc -E
configure:6722: gcc -E  conftest.c
configure:6729: $? = 0
configure:6760: gcc -E  conftest.c
conftest.c:11:28: error: ac_nonexistent.h: No such file or directory
configure:6767: $? = 1
configure: failed program was:
| /* confdefs.h.  */
| #define PACKAGE_NAME "quake2world"
| #define PACKAGE_TARNAME "quake2world"
| #define PACKAGE_VERSION "0.1.0"
| #define PACKAGE_STRING "quake2world 0.1.0"
| #define PACKAGE_BUGREPORT "quake2@jdolan.dyndns.org"
| #define BUILD_HOST "x86_64-linux-gnu"
| #define PACKAGE "quake2world"
| #define VERSION "0.1.0"
| /* end confdefs.h.  */
| #include <ac_nonexistent.h>
configure:6807: checking for ANSI C header files
configure:6837: gcc -c -g -O2  conftest.c >&5
configure:6844: $? = 0
configure:6943: gcc -o conftest -g -O2   conftest.c  >&5
configure:6947: $? = 0
configure:6953: ./conftest
configure:6957: $? = 0
configure:6975: result: yes
configure:6999: checking for sys/types.h
configure:7020: gcc -c -g -O2  conftest.c >&5
configure:7027: $? = 0
configure:7044: result: yes
configure:6999: checking for sys/stat.h
configure:7020: gcc -c -g -O2  conftest.c >&5
configure:7027: $? = 0
configure:7044: result: yes
configure:6999: checking for stdlib.h
configure:7020: gcc -c -g -O2  conftest.c >&5
configure:7027: $? = 0
configure:7044: result: yes
configure:6999: checking for string.h
configure:7020: gcc -c -g -O2  conftest.c >&5
configure:7027: $? = 0
configure:7044: result: yes
configure:6999: checking for memory.h
configure:7020: gcc -c -g -O2  conftest.c >&5
configure:7027: $? = 0
configure:7044: result: yes
configure:6999: checking for strings.h
configure:7020: gcc -c -g -O2  conftest.c >&5
configure:7027: $? = 0
configure:7044: result: yes
configure:6999: checking for inttypes.h
configure:7020: gcc -c -g -O2  conftest.c >&5
configure:7027: $? = 0
configure:7044: result: yes
configure:6999: checking for stdint.h
configure:7020: gcc -c -g -O2  conftest.c >&5
configure:7027: $? = 0
configure:7044: result: yes
configure:6999: checking for unistd.h
configure:7020: gcc -c -g -O2  conftest.c >&5
configure:7027: $? = 0
configure:7044: result: yes
configure:7062: checking for dlfcn.h
configure:7083: gcc -c -g -O2  conftest.c >&5
configure:7090: $? = 0
configure:7107: result: yes
configure:7293: checking for objdir
configure:7308: result: .libs
configure:7604: checking if gcc supports -fno-rtti -fno-exceptions
configure:7622: gcc -c -g -O2  -fno-rtti -fno-exceptions conftest.c >&5
cc1: warning: command line option "-fno-rtti" is valid for C++/ObjC++ but not for C
configure:7626: $? = 0
configure:7639: result: no
configure:7659: checking for gcc option to produce PIC
configure:7931: result: -fPIC -DPIC
configure:7943: checking if gcc PIC flag -fPIC -DPIC works
configure:7961: gcc -c -g -O2  -fPIC -DPIC -DPIC conftest.c >&5
configure:7965: $? = 0
configure:7978: result: yes
configure:8002: checking if gcc static flag -static works
configure:8030: result: no
configure:8045: checking if gcc supports -c -o file.o
configure:8066: gcc -c -g -O2  -o out/conftest2.o conftest.c >&5
configure:8070: $? = 0
configure:8092: result: yes
configure:8100: checking if gcc supports -c -o file.o
configure:8147: result: yes
configure:8180: checking whether the gcc linker (/usr/bin/ld -m elf_x86_64) supports shared libraries
configure:9254: result: yes
configure:9291: checking whether -lc should be explicitly linked in
configure:9296: gcc -c -g -O2  conftest.c >&5
configure:9299: $? = 0
configure:9314: gcc -shared conftest.o  -v -Wl,-soname -Wl,conftest -o conftest 2\>\&1 \| /bin/grep  -lc  \>/dev/null 2\>\&1
configure:9317: $? = 0
configure:9329: result: no
configure:9493: checking dynamic linker characteristics
configure:9936: gcc -o conftest -g -O2   -Wl,-rpath -Wl,/foo conftest.c  >&5
configure:9943: $? = 0
configure:10179: result: GNU/Linux ld.so
configure:10281: checking how to hardcode library paths into programs
configure:10306: result: immediate
configure:11139: checking whether stripping libraries is possible
configure:11144: result: yes
configure:11179: checking if libtool supports shared libraries
configure:11181: result: yes
configure:11184: checking whether to build shared libraries
configure:11205: result: yes
configure:11208: checking whether to build static libraries
configure:11212: result: yes
configure:11260: checking host type
configure:11343: result: linux
configure:11401: checking for sdl-config
configure:11419: found /usr/bin/sdl-config
configure:11435: result: /usr/bin/sdl-config
configure:11457: checking whether to build client
configure:11461: result: no
configure:12330: checking zlib.h usability
configure:12347: gcc -c -g -O2 -std=c99   conftest.c >&5
configure:12354: $? = 0
configure:12368: result: yes
configure:12372: checking zlib.h presence
configure:12387: gcc -E -std=c99   conftest.c
configure:12394: $? = 0
configure:12408: result: yes
configure:12441: checking for zlib.h
configure:12448: result: yes
configure:12468: checking for stdint.h
configure:12475: result: yes
configure:12626: checking execinfo.h usability
configure:12643: gcc -c -g -O2 -std=c99   conftest.c >&5
configure:12650: $? = 0
configure:12664: result: yes
configure:12668: checking execinfo.h presence
configure:12683: gcc -E -std=c99   conftest.c
configure:12690: $? = 0
configure:12704: result: yes
configure:12737: checking for execinfo.h
configure:12744: result: yes
configure:12790: checking curses.h usability
configure:12807: gcc -c -g -O2 -std=c99    -I/include conftest.c >&5
conftest.c:58:20: error: curses.h: No such file or directory
configure:12814: $? = 1
configure: failed program was:
| /* confdefs.h.  */
| #define PACKAGE_NAME "quake2world"
| #define PACKAGE_TARNAME "quake2world"
| #define PACKAGE_VERSION "0.1.0"
| #define PACKAGE_STRING "quake2world 0.1.0"
| #define PACKAGE_BUGREPORT "quake2@jdolan.dyndns.org"
| #define BUILD_HOST "x86_64-linux-gnu"
| #define PACKAGE "quake2world"
| #define VERSION "0.1.0"
| #define STDC_HEADERS 1
| #define HAVE_SYS_TYPES_H 1
| #define HAVE_SYS_STAT_H 1
| #define HAVE_STDLIB_H 1
| #define HAVE_STRING_H 1
| #define HAVE_MEMORY_H 1
| #define HAVE_STRINGS_H 1
| #define HAVE_INTTYPES_H 1
| #define HAVE_STDINT_H 1
| #define HAVE_UNISTD_H 1
| #define HAVE_DLFCN_H 1
| #define LT_OBJDIR ".libs/"
| #define HAVE_STDINT_H 1
| #define HAVE_EXECINFO 1
| /* end confdefs.h.  */
| #include <stdio.h>
| #ifdef HAVE_SYS_TYPES_H
| # include <sys/types.h>
| #endif
| #ifdef HAVE_SYS_STAT_H
| # include <sys/stat.h>
| #endif
| #ifdef STDC_HEADERS
| # include <stdlib.h>
| # include <stddef.h>
| #else
| # ifdef HAVE_STDLIB_H
| #  include <stdlib.h>
| # endif
| #endif
| #ifdef HAVE_STRING_H
| # if !defined STDC_HEADERS && defined HAVE_MEMORY_H
| #  include <memory.h>
| # endif
| # include <string.h>
| #endif
| #ifdef HAVE_STRINGS_H
| # include <strings.h>
| #endif
| #ifdef HAVE_INTTYPES_H
| # include <inttypes.h>
| #endif
| #ifdef HAVE_STDINT_H
| # include <stdint.h>
| #endif
| #ifdef HAVE_UNISTD_H
| # include <unistd.h>
| #endif
| #include <curses.h>
configure:12828: result: no
configure:12832: checking curses.h presence
configure:12847: gcc -E -std=c99    -I/include conftest.c
conftest.c:25:20: error: curses.h: No such file or directory
configure:12854: $? = 1
configure: failed program was:
| /* confdefs.h.  */
| #define PACKAGE_NAME "quake2world"
| #define PACKAGE_TARNAME "quake2world"
| #define PACKAGE_VERSION "0.1.0"
| #define PACKAGE_STRING "quake2world 0.1.0"
| #define PACKAGE_BUGREPORT "quake2@jdolan.dyndns.org"
| #define BUILD_HOST "x86_64-linux-gnu"
| #define PACKAGE "quake2world"
| #define VERSION "0.1.0"
| #define STDC_HEADERS 1
| #define HAVE_SYS_TYPES_H 1
| #define HAVE_SYS_STAT_H 1
| #define HAVE_STDLIB_H 1
| #define HAVE_STRING_H 1
| #define HAVE_MEMORY_H 1
| #define HAVE_STRINGS_H 1
| #define HAVE_INTTYPES_H 1
| #define HAVE_STDINT_H 1
| #define HAVE_UNISTD_H 1
| #define HAVE_DLFCN_H 1
| #define LT_OBJDIR ".libs/"
| #define HAVE_STDINT_H 1
| #define HAVE_EXECINFO 1
| /* end confdefs.h.  */
| #include <curses.h>
configure:12868: result: no
configure:12901: checking for curses.h
configure:12908: result: no
configure:13187: checking for mysql_config
configure:13220: result: no
configure:13385: checking which game modules to build
configure:13400: result: default
configure:13413: checking whether to build master server
configure:13424: result: no
configure:13428: checking whether to abort on compiler warnings
configure:13439: result: no
configure:13447: checking whether to include debugging information
configure:13460: result: no
configure:13470: checking whether to include profiling information
configure:13483: result: no
configure:13728: creating ./config.status

## ---------------------- ##
## Running config.status. ##
## ---------------------- ##

This file was extended by quake2world config.status 0.1.0, which was
generated by GNU Autoconf 2.63.  Invocation command line was

  CONFIG_FILES    = 
  CONFIG_HEADERS  = 
  CONFIG_LINKS    = 
  CONFIG_COMMANDS = 
  $ ./config.status 

on action

config.status:1064: creating Makefile
config.status:1064: creating doc/Makefile
config.status:1064: creating src/Makefile
config.status:1064: creating src/cgame/Makefile
config.status:1064: creating src/cgame/default/Makefile
config.status:1064: creating src/client/Makefile
config.status:1064: creating src/client/renderer/Makefile
config.status:1064: creating src/client/sound/Makefile
config.status:1064: creating src/client/ui/Makefile
config.status:1064: creating src/game/Makefile
config.status:1064: creating src/game/default/Makefile
config.status:1064: creating src/main/Makefile
config.status:1064: creating src/master/Makefile
config.status:1064: creating src/server/Makefile
config.status:1064: creating src/tools/Makefile
config.status:1064: creating src/tools/pak/Makefile
config.status:1064: creating src/tools/q2wmap/Makefile
config.status:1064: creating config.h
config.status:1338: executing depfiles commands
config.status:1338: executing libtool commands
configure:16002: result:
Quake2World 0.1.0: Automatic configuration OK.

  Configuration summary:
    Platform: .......... x86_64-unknown-linux-gnu
    Compiler: .......... gcc
    Flags: ............. -std=c99 -O2 -pedantic -W -Wall
    Libraries: ......... -ldl
    Linking: ........... 

    Build client: ...... no

    Options:
      curses: .......... no
      MySQL: ........... no

    Game modules: ...... default

    Tools: ............. None

    Build master: ...... no

  Installation directories:

    Program: ........... /usr/local/bin
    Libraries: ......... /usr/local/lib/quake2world
    Data: .............. /usr/local/share/quake2world

Type 'make' to build Quake2World.  Type 'make install' to install it.
Type 'make rsync-data' to install or update the game data.


## ---------------- ##
## Cache variables. ##
## ---------------- ##

ac_cv_build=x86_64-unknown-linux-gnu
ac_cv_c_compiler_gnu=yes
ac_cv_env_CC_set=
ac_cv_env_CC_value=
ac_cv_env_CFLAGS_set=
ac_cv_env_CFLAGS_value=
ac_cv_env_CPPFLAGS_set=
ac_cv_env_CPPFLAGS_value=
ac_cv_env_CPP_set=
ac_cv_env_CPP_value=
ac_cv_env_LDFLAGS_set=
ac_cv_env_LDFLAGS_value=
ac_cv_env_LIBS_set=
ac_cv_env_LIBS_value=
ac_cv_env_build_alias_set=
ac_cv_env_build_alias_value=
ac_cv_env_host_alias_set=
ac_cv_env_host_alias_value=
ac_cv_env_target_alias_set=
ac_cv_env_target_alias_value=
ac_cv_header_curses_h=no
ac_cv_header_dlfcn_h=yes
ac_cv_header_execinfo_h=yes
ac_cv_header_inttypes_h=yes
ac_cv_header_memory_h=yes
ac_cv_header_stdc=yes
ac_cv_header_stdint_h=yes
ac_cv_header_stdlib_h=yes
ac_cv_header_string_h=yes
ac_cv_header_strings_h=yes
ac_cv_header_sys_stat_h=yes
ac_cv_header_sys_types_h=yes
ac_cv_header_unistd_h=yes
ac_cv_header_zlib_h=yes
ac_cv_host=x86_64-unknown-linux-gnu
ac_cv_objext=o
ac_cv_path_EGREP='/bin/grep -E'
ac_cv_path_FGREP='/bin/grep -F'
ac_cv_path_GREP=/bin/grep
ac_cv_path_SDL_CONFIG=/usr/bin/sdl-config
ac_cv_path_SED=/bin/sed
ac_cv_path_install='/usr/bin/install -c'
ac_cv_path_mkdir=/bin/mkdir
ac_cv_prog_AWK=gawk
ac_cv_prog_CPP='gcc -E'
ac_cv_prog_ac_ct_AR=ar
ac_cv_prog_ac_ct_CC=gcc
ac_cv_prog_ac_ct_OBJDUMP=objdump
ac_cv_prog_ac_ct_RANLIB=ranlib
ac_cv_prog_ac_ct_STRIP=strip
ac_cv_prog_cc_c89=
ac_cv_prog_cc_g=yes
ac_cv_prog_make_make_set=yes
ac_cv_target=x86_64-unknown-linux-gnu
am_cv_CC_dependencies_compiler_type=gcc3
lt_cv_deplibs_check_method=pass_all
lt_cv_file_magic_cmd='$MAGIC_CMD'
lt_cv_file_magic_test_file=
lt_cv_ld_reload_flag=-r
lt_cv_nm_interface='BSD nm'
lt_cv_objdir=.libs
lt_cv_path_LD=/usr/bin/ld
lt_cv_path_NM='/usr/bin/nm -B'
lt_cv_prog_compiler_c_o=yes
lt_cv_prog_compiler_pic_works=yes
lt_cv_prog_compiler_rtti_exceptions=no
lt_cv_prog_compiler_static_works=no
lt_cv_prog_gnu_ld=yes
lt_cv_sys_global_symbol_pipe='sed -n -e '\''s/^.*[	 ]\([ABCDGIRSTW][ABCDGIRSTW]*\)[	 ][	 ]*\([_A-Za-z][_A-Za-z0-9]*\)$/\1 \2 \2/p'\'''
lt_cv_sys_global_symbol_to_c_name_address='sed -n -e '\''s/^: \([^ ]*\) $/  {\"\1\", (void *) 0},/p'\'' -e '\''s/^[ABCDGIRSTW]* \([^ ]*\) \([^ ]*\)$/  {"\2", (void *) \&\2},/p'\'''
lt_cv_sys_global_symbol_to_c_name_address_lib_prefix='sed -n -e '\''s/^: \([^ ]*\) $/  {\"\1\", (void *) 0},/p'\'' -e '\''s/^[ABCDGIRSTW]* \([^ ]*\) \(lib[^ ]*\)$/  {"\2", (void *) \&\2},/p'\'' -e '\''s/^[ABCDGIRSTW]* \([^ ]*\) \([^ ]*\)$/  {"lib\2", (void *) \&\2},/p'\'''
lt_cv_sys_global_symbol_to_cdecl='sed -n -e '\''s/^T .* \(.*\)$/extern int \1();/p'\'' -e '\''s/^[ABCDGIRSTW]* .* \(.*\)$/extern char \1;/p'\'''
lt_cv_sys_max_cmd_len=1966080

## ----------------- ##
## Output variables. ##
## ----------------- ##

ACLOCAL='${SHELL} /usr/src/aq2w/missing --run aclocal-1.11'
AMDEPBACKSLASH='\'
AMDEP_FALSE='#'
AMDEP_TRUE=''
AMTAR='${SHELL} /usr/src/aq2w/missing --run tar'
AM_BACKSLASH='\'
AM_DEFAULT_VERBOSITY='1'
ANTTWEAKBAR_LIBS=''
APPLE_FALSE=''
APPLE_TRUE='#'
AR='ar'
AUTOCONF='${SHELL} /usr/src/aq2w/missing --run autoconf'
AUTOHEADER='${SHELL} /usr/src/aq2w/missing --run autoheader'
AUTOMAKE='${SHELL} /usr/src/aq2w/missing --run automake-1.11'
AWK='gawk'
BASE_CFLAGS='-std=c99 -O2 -pedantic -W -Wall'
BASE_LDFLAGS=''
BASE_LIBS='-ldl'
BSD_FALSE=''
BSD_TRUE='#'
BUILD_CLIENT_FALSE=''
BUILD_CLIENT_TRUE='#'
BUILD_MASTER_FALSE=''
BUILD_MASTER_TRUE='#'
CC='gcc'
CCDEPMODE='depmode=gcc3'
CFLAGS='-g -O2'
CPP='gcc -E'
CPPFLAGS='-std=c99  '
CURL_CFLAGS=''
CURL_CONFIG=''
CURL_LIBS=''
CURSES_CFLAGS=' -I/include'
CURSES_LDFLAGS=' -L/lib'
CURSES_LIBS=''
CYGPATH_W='echo'
DEBUG_CFLAGS='-O2'
DEBUG_LIBS=''
DEFS='-DHAVE_CONFIG_H'
DEPDIR='.deps'
DSYMUTIL=''
DUMPBIN=''
ECHO_C=''
ECHO_N='-n'
ECHO_T=''
EGREP='/bin/grep -E'
EXEEXT=''
FGREP='/bin/grep -F'
GAME_MODULES='default'
GREP='/bin/grep'
HOST_CFLAGS=''
HOST_DEBUG_CFLAGS=''
HOST_DEBUG_LIBS='-rdynamic'
HOST_LIBS='-ldl'
HOST_NAME='LINUX'
HOST_OPENGL_CFLAGS=''
HOST_OPENGL_LIBS=''
HOST_PROFILE_CFLAGS=''
HOST_PROFILE_LIBS=''
INSTALL_DATA='${INSTALL} -m 644'
INSTALL_PROGRAM='${INSTALL}'
INSTALL_SCRIPT='${INSTALL}'
INSTALL_STRIP_PROGRAM='$(install_sh) -c -s'
JPEG_LIBS=''
LD='/usr/bin/ld -m elf_x86_64'
LDFLAGS=' '
LIBOBJS=''
LIBS=''
LIBTOOL='$(SHELL) $(top_builddir)/libtool'
LINUX_FALSE='#'
LINUX_TRUE=''
LIPO=''
LN_S='ln -s'
LTLIBOBJS=''
MAINT='#'
MAINTAINER_MODE_FALSE=''
MAINTAINER_MODE_TRUE='#'
MAKEINFO='${SHELL} /usr/src/aq2w/missing --run makeinfo'
MKDIR_P='/bin/mkdir -p'
MYSQL_CFLAGS=''
MYSQL_CONFIG=''
MYSQL_LIBS=''
NM='/usr/bin/nm -B'
NMEDIT=''
OBJDUMP='objdump'
OBJEXT='o'
OPENGL_CFLAGS=''
OPENGL_LIBS=''
OTOOL64=''
OTOOL=''
PACKAGE='quake2world'
PACKAGE_BUGREPORT='quake2@jdolan.dyndns.org'
PACKAGE_NAME='quake2world'
PACKAGE_STRING='quake2world 0.1.0'
PACKAGE_TARNAME='quake2world'
PACKAGE_VERSION='0.1.0'
PATH_SEPARATOR=':'
PKGDATADIR='/usr/local/share/quake2world'
PROFILE_CFLAGS=''
PROFILE_LIBS=''
PROGRAM=''
RANLIB='ranlib'
SDL_CFLAGS='-I/usr/include/SDL -D_GNU_SOURCE=1 -D_REENTRANT'
SDL_CONFIG='/usr/bin/sdl-config'
SDL_LIBS='-lSDL -lpthread'
SED='/bin/sed'
SET_MAKE=''
SHELL='/bin/sh'
SO_CFLAGS=' -fPIC -DPIC'
STRIP='strip'
TOOL_DIRS=''
VERSION='0.1.0'
WARN_CFLAGS='-pedantic -W -Wall'
WINDOWS_FALSE=''
WINDOWS_TRUE='#'
WINDRES=''
ac_ct_CC='gcc'
ac_ct_DUMPBIN=''
am__EXEEXT_FALSE=''
am__EXEEXT_TRUE='#'
am__fastdepCC_FALSE='#'
am__fastdepCC_TRUE=''
am__include='include'
am__isrc=''
am__leading_dot='.'
am__quote=''
am__tar='${AMTAR} chof - "$$tardir"'
am__untar='${AMTAR} xf -'
bindir='${exec_prefix}/bin'
build='x86_64-unknown-linux-gnu'
build_alias=''
build_cpu='x86_64'
build_os='linux-gnu'
build_vendor='unknown'
datadir='${datarootdir}'
datarootdir='${prefix}/share'
docdir='${datarootdir}/doc/${PACKAGE_TARNAME}'
dvidir='${docdir}'
exec_prefix='/usr/local'
host='x86_64-unknown-linux-gnu'
host_alias=''
host_cpu='x86_64'
host_os='linux-gnu'
host_vendor='unknown'
htmldir='${docdir}'
includedir='${prefix}/include'
infodir='${datarootdir}/info'
install_sh='${SHELL} /usr/src/aq2w/install-sh'
libdir='${exec_prefix}/lib'
libexecdir='${exec_prefix}/libexec'
localedir='${datarootdir}/locale'
localstatedir='${prefix}/var'
lt_ECHO='echo'
mandir='${datarootdir}/man'
mkdir_p='/bin/mkdir -p'
oldincludedir='/usr/include'
pdfdir='${docdir}'
prefix='/usr/local'
program_transform_name='s,x,x,'
psdir='${docdir}'
sbindir='${exec_prefix}/sbin'
sharedstatedir='${prefix}/com'
sysconfdir='${prefix}/etc'
target='x86_64-unknown-linux-gnu'
target_alias=''
target_cpu='x86_64'
target_os='linux-gnu'
target_vendor='unknown'

## ----------- ##
## confdefs.h. ##
## ----------- ##

#define PACKAGE_NAME "quake2world"
#define PACKAGE_TARNAME "quake2world"
#define PACKAGE_VERSION "0.1.0"
#define PACKAGE_STRING "quake2world 0.1.0"
#define PACKAGE_BUGREPORT "quake2@jdolan.dyndns.org"
#define BUILD_HOST "x86_64-linux-gnu"
#define PACKAGE "quake2world"
#define VERSION "0.1.0"
#define STDC_HEADERS 1
#define HAVE_SYS_TYPES_H 1
#define HAVE_SYS_STAT_H 1
#define HAVE_STDLIB_H 1
#define HAVE_STRING_H 1
#define HAVE_MEMORY_H 1
#define HAVE_STRINGS_H 1
#define HAVE_INTTYPES_H 1
#define HAVE_STDINT_H 1
#define HAVE_UNISTD_H 1
#define HAVE_DLFCN_H 1
#define LT_OBJDIR ".libs/"
#define HAVE_STDINT_H 1
#define HAVE_EXECINFO 1
#define PKGLIBDIR "/usr/local/lib/quake2world"
#define PKGDATADIR "/usr/local/share/quake2world"

configure: exit 0

## ---------------------- ##
## Running config.status. ##
## ---------------------- ##

This file was extended by quake2world config.status 0.1.0, which was
generated by GNU Autoconf 2.63.  Invocation command line was

  CONFIG_FILES    = 
  CONFIG_HEADERS  = 
  CONFIG_LINKS    = 
  CONFIG_COMMANDS = 
  $ ./config.status src/game/default/Makefile depfiles

on action

config.status:1064: creating src/game/default/Makefile
config.status:1338: executing depfiles commands

## ---------------------- ##
## Running config.status. ##
## ---------------------- ##

This file was extended by quake2world config.status 0.1.0, which was
generated by GNU Autoconf 2.63.  Invocation command line was

  CONFIG_FILES    = 
  CONFIG_HEADERS  = 
  CONFIG_LINKS    = 
  CONFIG_COMMANDS = 
  $ ./config.status src/game/default/Makefile depfiles

on action

config.status:1064: creating src/game/default/Makefile
config.status:1338: executing depfiles commands
